<?xml version="1.0" encoding="UTF-8"?>
<!-- Generated by org.testng.reporters.JUnitXMLReporter -->
<testsuite ignored="2" hostname="DESKTOP-JAS0CHU" failures="0" tests="1" name="Default test" time="0.053" errors="0" timestamp="2025-12-07T12:30:27 IST">
  <testcase classname="TestNGSample.FirstTestNg" name="Tescase3" time="0.009"/>
  <testcase classname="TestNGSample.FirstTestNg" name="Tescase2" time="0.0">
    <ignored/>
  </testcase> <!-- Tescase2 -->
  <testcase classname="TestNGSample.FirstTestNg" name="Tescase1" time="0.0">
    <ignored/>
  </testcase> <!-- Tescase1 -->
</testsuite> <!-- Default test -->
