<?xml version="1.0" encoding="UTF-8"?>
<!-- Generated by org.testng.reporters.JUnitXMLReporter -->
<testsuite ignored="0" hostname="DESKTOP-JAS0CHU" failures="1" tests="6" name="Default test" time="43.226" errors="0" timestamp="2025-12-14T12:18:28 IST">
  <testcase classname="TestCase.MakeMyTripFlighBookingTestCase" name="ToVerifyLogin" time="18.853"/>
  <testcase classname="TestCase.MakeMyTripFlighBookingTestCase" name="ToVerifySameCityError" time="1.824"/>
  <testcase classname="TestCase.MakeMyTripFlighBookingTestCase" name="ToVerifyFlightSearchWithParameteriation" time="4.571">
    <failure type="org.openqa.selenium.ElementClickInterceptedException" message="element click intercepted: Element &amp;lt;label for=&amp;quot;travellers&amp;quot;&amp;gt;...&amp;lt;/label&amp;gt; is not clickable at point (1204, 78). Other element would receive the click: &amp;lt;div class=&amp;quot;calHeading makeFlex&amp;quot;&amp;gt;...&amp;lt;/div&amp;gt;
  (Session info: chrome=143.0.7499.41)
Build info: version: &amp;apos;4.38.0&amp;apos;, revision: &amp;apos;6b412e825c*&amp;apos;
System info: os.name: &amp;apos;Windows 11&amp;apos;, os.arch: &amp;apos;amd64&amp;apos;, os.version: &amp;apos;10.0&amp;apos;, java.version: &amp;apos;21.0.5&amp;apos;
Driver info: org.openqa.selenium.chrome.ChromeDriver
Command: [5ee84090570b1cef07c808c5692303c4, clickElement {id=f.708CACFA2A01D3B7282A3B7CEB74E5E2.d.83EF7E3F3F2FC8C1FD5532AC13FDB86D.e.312}]
Capabilities {acceptInsecureCerts: false, browserName: chrome, browserVersion: 143.0.7499.41, chrome: {chromedriverVersion: 143.0.7499.42 (24bdc8c48a0c..., userDataDir: C:\Users\DELL\AppData\Local...}, fedcm:accounts: true, goog:chromeOptions: {debuggerAddress: localhost:57472}, goog:processID: 28880, networkConnectionEnabled: false, pageLoadStrategy: normal, platformName: windows, proxy: Proxy(), se:cdp: ws://localhost:57472/devtoo..., se:cdpVersion: 143.0.7499.41, setWindowRect: true, strictFileInteractability: false, timeouts: {implicit: 0, pageLoad: 300000, script: 30000}, unhandledPromptBehavior: dismiss and notify, webauthn:extension:credBlob: true, webauthn:extension:largeBlob: true, webauthn:extension:minPinLength: true, webauthn:extension:prf: true, webauthn:virtualAuthenticators: true}
Element: [[ChromeDriver: chrome on windows (5ee84090570b1cef07c808c5692303c4)] -&amp;gt; css selector: [for=&amp;apos;travellers&amp;apos;]]
Session ID: 5ee84090570b1cef07c808c5692303c4">
      <![CDATA[org.openqa.selenium.ElementClickInterceptedException: element click intercepted: Element <label for="travellers">...</label> is not clickable at point (1204, 78). Other element would receive the click: <div class="calHeading makeFlex">...</div>
  (Session info: chrome=143.0.7499.41)
Build info: version: '4.38.0', revision: '6b412e825c*'
System info: os.name: 'Windows 11', os.arch: 'amd64', os.version: '10.0', java.version: '21.0.5'
Driver info: org.openqa.selenium.chrome.ChromeDriver
Command: [5ee84090570b1cef07c808c5692303c4, clickElement {id=f.708CACFA2A01D3B7282A3B7CEB74E5E2.d.83EF7E3F3F2FC8C1FD5532AC13FDB86D.e.312}]
Capabilities {acceptInsecureCerts: false, browserName: chrome, browserVersion: 143.0.7499.41, chrome: {chromedriverVersion: 143.0.7499.42 (24bdc8c48a0c..., userDataDir: C:\Users\DELL\AppData\Local...}, fedcm:accounts: true, goog:chromeOptions: {debuggerAddress: localhost:57472}, goog:processID: 28880, networkConnectionEnabled: false, pageLoadStrategy: normal, platformName: windows, proxy: Proxy(), se:cdp: ws://localhost:57472/devtoo..., se:cdpVersion: 143.0.7499.41, setWindowRect: true, strictFileInteractability: false, timeouts: {implicit: 0, pageLoad: 300000, script: 30000}, unhandledPromptBehavior: dismiss and notify, webauthn:extension:credBlob: true, webauthn:extension:largeBlob: true, webauthn:extension:minPinLength: true, webauthn:extension:prf: true, webauthn:virtualAuthenticators: true}
Element: [[ChromeDriver: chrome on windows (5ee84090570b1cef07c808c5692303c4)] -> css selector: [for='travellers']]
Session ID: 5ee84090570b1cef07c808c5692303c4
at java.base/jdk.internal.reflect.DirectConstructorHandleAccessor.newInstance(DirectConstructorHandleAccessor.java:62)
at java.base/java.lang.reflect.Constructor.newInstanceWithCaller(Constructor.java:502)
at java.base/java.lang.reflect.Constructor.newInstance(Constructor.java:486)
at org.openqa.selenium.remote.ErrorCodec.decode(ErrorCodec.java:167)
at org.openqa.selenium.remote.codec.w3c.W3CHttpResponseCodec.decode(W3CHttpResponseCodec.java:138)
at org.openqa.selenium.remote.codec.w3c.W3CHttpResponseCodec.decode(W3CHttpResponseCodec.java:50)
at org.openqa.selenium.remote.HttpCommandExecutor.execute(HttpCommandExecutor.java:215)
at org.openqa.selenium.remote.service.DriverCommandExecutor.invokeExecute(DriverCommandExecutor.java:216)
at org.openqa.selenium.remote.service.DriverCommandExecutor.execute(DriverCommandExecutor.java:174)
at org.openqa.selenium.remote.RemoteWebDriver.execute(RemoteWebDriver.java:557)
at org.openqa.selenium.remote.RemoteWebElement.execute(RemoteWebElement.java:223)
at org.openqa.selenium.remote.RemoteWebElement.click(RemoteWebElement.java:76)
at WebDriverCommonUtils.CommonUtility.ClickOnButton(CommonUtility.java:35)
at Pages.FlightSearchPage.WaitandClickOnButton(FlightSearchPage.java:129)
at Pages.FlightSearchPage.SelectTravellersAndClickApply(FlightSearchPage.java:119)
at Pages.FlightSearchPage.SelectTraveller(FlightSearchPage.java:47)
at TestCase.MakeMyTripFlighBookingTestCase.ToVerifyFlightSearchWithParameteriation(MakeMyTripFlighBookingTestCase.java:123)
at java.base/jdk.internal.reflect.DirectMethodHandleAccessor.invoke(DirectMethodHandleAccessor.java:103)
at java.base/java.lang.reflect.Method.invoke(Method.java:580)
at org.testng.internal.invokers.MethodInvocationHelper.invokeMethod(MethodInvocationHelper.java:141)
at org.testng.internal.invokers.TestInvoker.invokeMethod(TestInvoker.java:687)
at org.testng.internal.invokers.TestInvoker.invokeTestMethod(TestInvoker.java:230)
at org.testng.internal.invokers.MethodRunner.runInSequence(MethodRunner.java:63)
at org.testng.internal.invokers.TestInvoker$MethodInvocationAgent.invoke(TestInvoker.java:995)
at org.testng.internal.invokers.TestInvoker.invokeTestMethods(TestInvoker.java:203)
at org.testng.internal.invokers.TestMethodWorker.invokeTestMethods(TestMethodWorker.java:154)
at org.testng.internal.invokers.TestMethodWorker.run(TestMethodWorker.java:134)
at java.base/java.util.ArrayList.forEach(ArrayList.java:1596)
at org.testng.TestRunner.privateRun(TestRunner.java:741)
at org.testng.TestRunner.run(TestRunner.java:616)
at org.testng.SuiteRunner.runTest(SuiteRunner.java:421)
at org.testng.SuiteRunner.runSequentially(SuiteRunner.java:413)
at org.testng.SuiteRunner.privateRun(SuiteRunner.java:373)
at org.testng.SuiteRunner.run(SuiteRunner.java:312)
at org.testng.SuiteRunnerWorker.runSuite(SuiteRunnerWorker.java:52)
at org.testng.SuiteRunnerWorker.run(SuiteRunnerWorker.java:95)
at org.testng.TestNG.runSuitesSequentially(TestNG.java:1274)
at org.testng.TestNG.runSuitesLocally(TestNG.java:1208)
at org.testng.TestNG.runSuites(TestNG.java:1112)
at org.testng.TestNG.run(TestNG.java:1079)
at org.testng.remote.AbstractRemoteTestNG.run(AbstractRemoteTestNG.java:115)
at org.testng.remote.RemoteTestNG.initAndRun(RemoteTestNG.java:293)
at org.testng.remote.RemoteTestNG.main(RemoteTestNG.java:91)
]]>
    </failure>
  </testcase> <!-- ToVerifyFlightSearchWithParameteriation -->
  <testcase classname="TestCase.MakeMyTripFlighBookingTestCase" name="ToVerifyFlightSearchWithParameteriation" time="11.262"/>
  <testcase classname="TestCase.MakeMyTripFlighBookingTestCase" name="ToVerifySameCityErrorwithParameterized" time="1.62"/>
  <testcase classname="TestCase.MakeMyTripFlighBookingTestCase" name="ToVerifySameCityErrorwithParameterized" time="1.607"/>
</testsuite> <!-- Default test -->
