<?xml version="1.0" encoding="UTF-8"?>
<!-- Generated by org.testng.reporters.JUnitXMLReporter -->
<testsuite ignored="0" hostname="DESKTOP-JAS0CHU" failures="0" tests="4" name="Test1" time="0.027" errors="0" timestamp="2025-12-07T12:32:33 IST">
  <testcase classname="TestNGSample.SecondTestNg" name="Tescase1" time="0.002"/>
  <testcase classname="TestNGSample.FirstTestNg" name="Tescase2" time="0.001"/>
  <testcase classname="TestNGSample.FirstTestNg" name="Tescase1" time="0.003"/>
  <testcase classname="TestNGSample.FirstTestNg" name="Tescase3" time="0.002"/>
</testsuite> <!-- Test1 -->
