<?xml version="1.0" encoding="UTF-8"?>
<testng-results ignored="0" total="6" passed="5" failed="1" skipped="0">
  <reporter-output>
  </reporter-output>
  <suite started-at="2025-12-14T12:17:44 IST" name="Default suite" finished-at="2025-12-14T12:18:28 IST" duration-ms="43226">
    <groups>
    </groups>
    <test started-at="2025-12-14T12:17:44 IST" name="Default test" finished-at="2025-12-14T12:18:28 IST" duration-ms="43226">
      <class name="TestCase.MakeMyTripFlighBookingTestCase">
        <test-method is-config="true" signature="LauchThebrowser()[pri:0, instance:TestCase.MakeMyTripFlighBookingTestCase@62ddbd7e]" started-at="2025-12-14T12:17:43 IST" name="LauchThebrowser" finished-at="2025-12-14T12:17:44 IST" duration-ms="1444" status="PASS">
          <reporter-output>
          </reporter-output>
        </test-method> <!-- LauchThebrowser -->
        <test-method is-config="true" signature="LaunchApplication()[pri:0, instance:TestCase.MakeMyTripFlighBookingTestCase@62ddbd7e]" started-at="2025-12-14T12:17:44 IST" name="LaunchApplication" finished-at="2025-12-14T12:17:46 IST" duration-ms="1606" status="PASS">
          <reporter-output>
          </reporter-output>
        </test-method> <!-- LaunchApplication -->
        <test-method signature="ToVerifyLogin()[pri:0, instance:TestCase.MakeMyTripFlighBookingTestCase@62ddbd7e]" started-at="2025-12-14T12:17:46 IST" name="ToVerifyLogin" finished-at="2025-12-14T12:18:05 IST" duration-ms="18853" status="PASS">
          <reporter-output>
          </reporter-output>
        </test-method> <!-- ToVerifyLogin -->
        <test-method is-config="true" signature="WriteInReport(org.testng.ITestResult)[pri:0, instance:TestCase.MakeMyTripFlighBookingTestCase@62ddbd7e]" started-at="2025-12-14T12:18:05 IST" name="WriteInReport" finished-at="2025-12-14T12:18:05 IST" duration-ms="90" status="PASS">
          <params>
            <param index="0">
              <value>
                <![CDATA[[TestResult name=ToVerifyLogin status=SUCCESS method=MakeMyTripFlighBookingTestCase.ToVerifyLogin()[pri:0, instance:TestCase.MakeMyTripFlighBookingTestCase@62ddbd7e] output={null}]]]>
              </value>
            </param>
          </params>
          <reporter-output>
          </reporter-output>
        </test-method> <!-- WriteInReport -->
        <test-method signature="ToVerifySameCityError()[pri:1, instance:TestCase.MakeMyTripFlighBookingTestCase@62ddbd7e]" started-at="2025-12-14T12:18:05 IST" name="ToVerifySameCityError" finished-at="2025-12-14T12:18:07 IST" duration-ms="1824" status="PASS">
          <reporter-output>
          </reporter-output>
        </test-method> <!-- ToVerifySameCityError -->
        <test-method is-config="true" signature="WriteInReport(org.testng.ITestResult)[pri:0, instance:TestCase.MakeMyTripFlighBookingTestCase@62ddbd7e]" started-at="2025-12-14T12:18:07 IST" name="WriteInReport" finished-at="2025-12-14T12:18:07 IST" duration-ms="230" status="PASS">
          <params>
            <param index="0">
              <value>
                <![CDATA[[TestResult name=ToVerifySameCityError status=SUCCESS method=MakeMyTripFlighBookingTestCase.ToVerifySameCityError()[pri:1, instance:TestCase.MakeMyTripFlighBookingTestCase@62ddbd7e] output={null}]]]>
              </value>
            </param>
          </params>
          <reporter-output>
          </reporter-output>
        </test-method> <!-- WriteInReport -->
        <test-method signature="ToVerifyFlightSearchWithParameteriation(java.lang.String,java.lang.String,java.lang.String)[pri:2, instance:TestCase.MakeMyTripFlighBookingTestCase@62ddbd7e]" started-at="2025-12-14T12:18:08 IST" name="ToVerifyFlightSearchWithParameteriation" data-provider="GetValidSearchTestData" finished-at="2025-12-14T12:18:12 IST" duration-ms="4571" status="FAIL">
          <params>
            <param index="0">
              <value>
                <![CDATA[MAA]]>
              </value>
            </param>
            <param index="1">
              <value>
                <![CDATA[PNQ]]>
              </value>
            </param>
            <param index="2">
              <value>
                <![CDATA[30]]>
              </value>
            </param>
          </params>
          <exception class="org.openqa.selenium.ElementClickInterceptedException">
            <message>
              <![CDATA[element click intercepted: Element <label for="travellers">...</label> is not clickable at point (1204, 78). Other element would receive the click: <div class="calHeading makeFlex">...</div>
  (Session info: chrome=143.0.7499.41)
Build info: version: '4.38.0', revision: '6b412e825c*'
System info: os.name: 'Windows 11', os.arch: 'amd64', os.version: '10.0', java.version: '21.0.5'
Driver info: org.openqa.selenium.chrome.ChromeDriver
Command: [5ee84090570b1cef07c808c5692303c4, clickElement {id=f.708CACFA2A01D3B7282A3B7CEB74E5E2.d.83EF7E3F3F2FC8C1FD5532AC13FDB86D.e.312}]
Capabilities {acceptInsecureCerts: false, browserName: chrome, browserVersion: 143.0.7499.41, chrome: {chromedriverVersion: 143.0.7499.42 (24bdc8c48a0c..., userDataDir: C:\Users\DELL\AppData\Local...}, fedcm:accounts: true, goog:chromeOptions: {debuggerAddress: localhost:57472}, goog:processID: 28880, networkConnectionEnabled: false, pageLoadStrategy: normal, platformName: windows, proxy: Proxy(), se:cdp: ws://localhost:57472/devtoo..., se:cdpVersion: 143.0.7499.41, setWindowRect: true, strictFileInteractability: false, timeouts: {implicit: 0, pageLoad: 300000, script: 30000}, unhandledPromptBehavior: dismiss and notify, webauthn:extension:credBlob: true, webauthn:extension:largeBlob: true, webauthn:extension:minPinLength: true, webauthn:extension:prf: true, webauthn:virtualAuthenticators: true}
Element: [[ChromeDriver: chrome on windows (5ee84090570b1cef07c808c5692303c4)] -> css selector: [for='travellers']]
Session ID: 5ee84090570b1cef07c808c5692303c4]]>
            </message>
            <full-stacktrace>
              <![CDATA[org.openqa.selenium.ElementClickInterceptedException: element click intercepted: Element <label for="travellers">...</label> is not clickable at point (1204, 78). Other element would receive the click: <div class="calHeading makeFlex">...</div>
  (Session info: chrome=143.0.7499.41)
Build info: version: '4.38.0', revision: '6b412e825c*'
System info: os.name: 'Windows 11', os.arch: 'amd64', os.version: '10.0', java.version: '21.0.5'
Driver info: org.openqa.selenium.chrome.ChromeDriver
Command: [5ee84090570b1cef07c808c5692303c4, clickElement {id=f.708CACFA2A01D3B7282A3B7CEB74E5E2.d.83EF7E3F3F2FC8C1FD5532AC13FDB86D.e.312}]
Capabilities {acceptInsecureCerts: false, browserName: chrome, browserVersion: 143.0.7499.41, chrome: {chromedriverVersion: 143.0.7499.42 (24bdc8c48a0c..., userDataDir: C:\Users\DELL\AppData\Local...}, fedcm:accounts: true, goog:chromeOptions: {debuggerAddress: localhost:57472}, goog:processID: 28880, networkConnectionEnabled: false, pageLoadStrategy: normal, platformName: windows, proxy: Proxy(), se:cdp: ws://localhost:57472/devtoo..., se:cdpVersion: 143.0.7499.41, setWindowRect: true, strictFileInteractability: false, timeouts: {implicit: 0, pageLoad: 300000, script: 30000}, unhandledPromptBehavior: dismiss and notify, webauthn:extension:credBlob: true, webauthn:extension:largeBlob: true, webauthn:extension:minPinLength: true, webauthn:extension:prf: true, webauthn:virtualAuthenticators: true}
Element: [[ChromeDriver: chrome on windows (5ee84090570b1cef07c808c5692303c4)] -> css selector: [for='travellers']]
Session ID: 5ee84090570b1cef07c808c5692303c4
at java.base/jdk.internal.reflect.DirectConstructorHandleAccessor.newInstance(DirectConstructorHandleAccessor.java:62)
at java.base/java.lang.reflect.Constructor.newInstanceWithCaller(Constructor.java:502)
at java.base/java.lang.reflect.Constructor.newInstance(Constructor.java:486)
at org.openqa.selenium.remote.ErrorCodec.decode(ErrorCodec.java:167)
at org.openqa.selenium.remote.codec.w3c.W3CHttpResponseCodec.decode(W3CHttpResponseCodec.java:138)
at org.openqa.selenium.remote.codec.w3c.W3CHttpResponseCodec.decode(W3CHttpResponseCodec.java:50)
at org.openqa.selenium.remote.HttpCommandExecutor.execute(HttpCommandExecutor.java:215)
at org.openqa.selenium.remote.service.DriverCommandExecutor.invokeExecute(DriverCommandExecutor.java:216)
at org.openqa.selenium.remote.service.DriverCommandExecutor.execute(DriverCommandExecutor.java:174)
at org.openqa.selenium.remote.RemoteWebDriver.execute(RemoteWebDriver.java:557)
at org.openqa.selenium.remote.RemoteWebElement.execute(RemoteWebElement.java:223)
at org.openqa.selenium.remote.RemoteWebElement.click(RemoteWebElement.java:76)
at WebDriverCommonUtils.CommonUtility.ClickOnButton(CommonUtility.java:35)
at Pages.FlightSearchPage.WaitandClickOnButton(FlightSearchPage.java:129)
at Pages.FlightSearchPage.SelectTravellersAndClickApply(FlightSearchPage.java:119)
at Pages.FlightSearchPage.SelectTraveller(FlightSearchPage.java:47)
at TestCase.MakeMyTripFlighBookingTestCase.ToVerifyFlightSearchWithParameteriation(MakeMyTripFlighBookingTestCase.java:123)
at java.base/jdk.internal.reflect.DirectMethodHandleAccessor.invoke(DirectMethodHandleAccessor.java:103)
at java.base/java.lang.reflect.Method.invoke(Method.java:580)
at org.testng.internal.invokers.MethodInvocationHelper.invokeMethod(MethodInvocationHelper.java:141)
at org.testng.internal.invokers.TestInvoker.invokeMethod(TestInvoker.java:687)
at org.testng.internal.invokers.TestInvoker.invokeTestMethod(TestInvoker.java:230)
at org.testng.internal.invokers.MethodRunner.runInSequence(MethodRunner.java:63)
at org.testng.internal.invokers.TestInvoker$MethodInvocationAgent.invoke(TestInvoker.java:995)
at org.testng.internal.invokers.TestInvoker.invokeTestMethods(TestInvoker.java:203)
at org.testng.internal.invokers.TestMethodWorker.invokeTestMethods(TestMethodWorker.java:154)
at org.testng.internal.invokers.TestMethodWorker.run(TestMethodWorker.java:134)
at java.base/java.util.ArrayList.forEach(ArrayList.java:1596)
at org.testng.TestRunner.privateRun(TestRunner.java:741)
at org.testng.TestRunner.run(TestRunner.java:616)
at org.testng.SuiteRunner.runTest(SuiteRunner.java:421)
at org.testng.SuiteRunner.runSequentially(SuiteRunner.java:413)
at org.testng.SuiteRunner.privateRun(SuiteRunner.java:373)
at org.testng.SuiteRunner.run(SuiteRunner.java:312)
at org.testng.SuiteRunnerWorker.runSuite(SuiteRunnerWorker.java:52)
at org.testng.SuiteRunnerWorker.run(SuiteRunnerWorker.java:95)
at org.testng.TestNG.runSuitesSequentially(TestNG.java:1274)
at org.testng.TestNG.runSuitesLocally(TestNG.java:1208)
at org.testng.TestNG.runSuites(TestNG.java:1112)
at org.testng.TestNG.run(TestNG.java:1079)
at org.testng.remote.AbstractRemoteTestNG.run(AbstractRemoteTestNG.java:115)
at org.testng.remote.RemoteTestNG.initAndRun(RemoteTestNG.java:293)
at org.testng.remote.RemoteTestNG.main(RemoteTestNG.java:91)
]]>
            </full-stacktrace>
          </exception> <!-- org.openqa.selenium.ElementClickInterceptedException -->
          <reporter-output>
          </reporter-output>
        </test-method> <!-- ToVerifyFlightSearchWithParameteriation -->
        <test-method is-config="true" signature="WriteInReport(org.testng.ITestResult)[pri:0, instance:TestCase.MakeMyTripFlighBookingTestCase@62ddbd7e]" started-at="2025-12-14T12:18:12 IST" name="WriteInReport" finished-at="2025-12-14T12:18:12 IST" duration-ms="178" status="PASS">
          <params>
            <param index="0">
              <value>
                <![CDATA[[TestResult name=ToVerifyFlightSearchWithParameteriation status=FAILURE method=MakeMyTripFlighBookingTestCase.ToVerifyFlightSearchWithParameteriation(java.lang.String,java.lang.String,java.lang.String)[pri:2, instance:TestCase.MakeMyTripFlighBookingTestCase@62ddbd7e] output={null}]]]>
              </value>
            </param>
          </params>
          <reporter-output>
          </reporter-output>
        </test-method> <!-- WriteInReport -->
        <test-method signature="ToVerifyFlightSearchWithParameteriation(java.lang.String,java.lang.String,java.lang.String)[pri:2, instance:TestCase.MakeMyTripFlighBookingTestCase@62ddbd7e]" started-at="2025-12-14T12:18:12 IST" name="ToVerifyFlightSearchWithParameteriation" data-provider="GetValidSearchTestData" finished-at="2025-12-14T12:18:24 IST" duration-ms="11262" status="PASS">
          <params>
            <param index="0">
              <value>
                <![CDATA[PNQ]]>
              </value>
            </param>
            <param index="1">
              <value>
                <![CDATA[BLR]]>
              </value>
            </param>
            <param index="2">
              <value>
                <![CDATA[25]]>
              </value>
            </param>
          </params>
          <reporter-output>
          </reporter-output>
        </test-method> <!-- ToVerifyFlightSearchWithParameteriation -->
        <test-method is-config="true" signature="WriteInReport(org.testng.ITestResult)[pri:0, instance:TestCase.MakeMyTripFlighBookingTestCase@62ddbd7e]" started-at="2025-12-14T12:18:24 IST" name="WriteInReport" finished-at="2025-12-14T12:18:24 IST" duration-ms="297" status="PASS">
          <params>
            <param index="0">
              <value>
                <![CDATA[[TestResult name=ToVerifyFlightSearchWithParameteriation status=SUCCESS method=MakeMyTripFlighBookingTestCase.ToVerifyFlightSearchWithParameteriation(java.lang.String,java.lang.String,java.lang.String)[pri:2, instance:TestCase.MakeMyTripFlighBookingTestCase@62ddbd7e] output={null}]]]>
              </value>
            </param>
          </params>
          <reporter-output>
          </reporter-output>
        </test-method> <!-- WriteInReport -->
        <test-method signature="ToVerifySameCityErrorwithParameterized(java.lang.String,java.lang.String)[pri:3, instance:TestCase.MakeMyTripFlighBookingTestCase@62ddbd7e]" started-at="2025-12-14T12:18:24 IST" name="ToVerifySameCityErrorwithParameterized" data-provider="GetSameCitySearchTestData" finished-at="2025-12-14T12:18:26 IST" duration-ms="1620" status="PASS">
          <params>
            <param index="0">
              <value>
                <![CDATA[MAA]]>
              </value>
            </param>
            <param index="1">
              <value>
                <![CDATA[MAA]]>
              </value>
            </param>
          </params>
          <reporter-output>
          </reporter-output>
        </test-method> <!-- ToVerifySameCityErrorwithParameterized -->
        <test-method is-config="true" signature="WriteInReport(org.testng.ITestResult)[pri:0, instance:TestCase.MakeMyTripFlighBookingTestCase@62ddbd7e]" started-at="2025-12-14T12:18:26 IST" name="WriteInReport" finished-at="2025-12-14T12:18:26 IST" duration-ms="209" status="PASS">
          <params>
            <param index="0">
              <value>
                <![CDATA[[TestResult name=ToVerifySameCityErrorwithParameterized status=SUCCESS method=MakeMyTripFlighBookingTestCase.ToVerifySameCityErrorwithParameterized(java.lang.String,java.lang.String)[pri:3, instance:TestCase.MakeMyTripFlighBookingTestCase@62ddbd7e] output={null}]]]>
              </value>
            </param>
          </params>
          <reporter-output>
          </reporter-output>
        </test-method> <!-- WriteInReport -->
        <test-method signature="ToVerifySameCityErrorwithParameterized(java.lang.String,java.lang.String)[pri:3, instance:TestCase.MakeMyTripFlighBookingTestCase@62ddbd7e]" started-at="2025-12-14T12:18:26 IST" name="ToVerifySameCityErrorwithParameterized" data-provider="GetSameCitySearchTestData" finished-at="2025-12-14T12:18:27 IST" duration-ms="1607" status="PASS">
          <params>
            <param index="0">
              <value>
                <![CDATA[PNQ]]>
              </value>
            </param>
            <param index="1">
              <value>
                <![CDATA[PNQ]]>
              </value>
            </param>
          </params>
          <reporter-output>
          </reporter-output>
        </test-method> <!-- ToVerifySameCityErrorwithParameterized -->
        <test-method is-config="true" signature="WriteInReport(org.testng.ITestResult)[pri:0, instance:TestCase.MakeMyTripFlighBookingTestCase@62ddbd7e]" started-at="2025-12-14T12:18:27 IST" name="WriteInReport" finished-at="2025-12-14T12:18:28 IST" duration-ms="181" status="PASS">
          <params>
            <param index="0">
              <value>
                <![CDATA[[TestResult name=ToVerifySameCityErrorwithParameterized status=SUCCESS method=MakeMyTripFlighBookingTestCase.ToVerifySameCityErrorwithParameterized(java.lang.String,java.lang.String)[pri:3, instance:TestCase.MakeMyTripFlighBookingTestCase@62ddbd7e] output={null}]]]>
              </value>
            </param>
          </params>
          <reporter-output>
          </reporter-output>
        </test-method> <!-- WriteInReport -->
        <test-method is-config="true" signature="Close()[pri:0, instance:TestCase.MakeMyTripFlighBookingTestCase@62ddbd7e]" started-at="2025-12-14T12:18:28 IST" name="Close" finished-at="2025-12-14T12:18:28 IST" duration-ms="290" status="PASS">
          <reporter-output>
          </reporter-output>
        </test-method> <!-- Close -->
      </class> <!-- TestCase.MakeMyTripFlighBookingTestCase -->
    </test> <!-- Default test -->
  </suite> <!-- Default suite -->
</testng-results>
