<?xml version="1.0" encoding="UTF-8"?>
<testng-results ignored="0" total="1" passed="1" failed="0" skipped="0">
  <reporter-output>
  </reporter-output>
  <suite started-at="2025-12-06T12:56:50 IST" name="Default suite" finished-at="2025-12-06T12:56:50 IST" duration-ms="56">
    <groups>
    </groups>
    <test started-at="2025-12-06T12:56:50 IST" name="Default test" finished-at="2025-12-06T12:56:50 IST" duration-ms="56">
      <class name="TestNGConcepts.BasicSconcepts">
        <test-method signature="Testcase1()[pri:0, instance:TestNGConcepts.BasicSconcepts@48f2bd5b]" started-at="2025-12-06T12:56:50 IST" name="Testcase1" finished-at="2025-12-06T12:56:50 IST" duration-ms="10" status="PASS">
          <reporter-output>
          </reporter-output>
        </test-method> <!-- Testcase1 -->
      </class> <!-- TestNGConcepts.BasicSconcepts -->
    </test> <!-- Default test -->
  </suite> <!-- Default suite -->
</testng-results>
