<?xml version="1.0" encoding="UTF-8"?>
<!-- Generated by org.testng.reporters.JUnitReportReporter -->
<testsuite hostname="DESKTOP-JAS0CHU" failures="0" tests="3" name="TestNGSample.FirstTestNg" time="0.020" errors="0" timestamp="2025-12-07T12:34:45 IST" skipped="0">
  <testcase classname="TestNGSample.FirstTestNg" name="Tescase2" time="0.012"/>
  <testcase classname="TestNGSample.FirstTestNg" name="Tescase1" time="0.006"/>
  <testcase classname="TestNGSample.FirstTestNg" name="Tescase3" time="0.002"/>
</testsuite> <!-- TestNGSample.FirstTestNg -->
