<?xml version="1.0" encoding="UTF-8"?>
<!-- Generated by org.testng.reporters.JUnitReportReporter -->
<testsuite hostname="DESKTOP-JAS0CHU" failures="0" tests="2" name="TestCase.MakeMyTripFlighBookingTestCase" time="4.245" errors="0" timestamp="2025-12-07T13:19:11 IST" skipped="0">
  <testcase classname="TestCase.MakeMyTripFlighBookingTestCase" name="ToVerifyLogin" time="3.010"/>
  <testcase classname="TestCase.MakeMyTripFlighBookingTestCase" name="ToVerifyLogin2" time="1.235"/>
</testsuite> <!-- TestCase.MakeMyTripFlighBookingTestCase -->
